





<!DOCTYPE html>
<html>

<head>
    <meta charset="utf-8">
    <meta name="viewport" content="width=device-width, initial-scale=1, shrink-to-fit=no">
    <title>Selenium WebDriver Practice on eBay</title>
        <link rel="apple-touch-icon" href="https://cdn.jsdelivr.net/gh/extent-framework/extent-github-cdn@b00a2d0486596e73dd7326beacf352c639623a0e/commons/img/logo.png">
        <link rel="shortcut icon" href="https://cdn.jsdelivr.net/gh/extent-framework/extent-github-cdn@b00a2d0486596e73dd7326beacf352c639623a0e/commons/img/logo.png">
	    <link href="https://cdn.jsdelivr.net/gh/extent-framework/extent-github-cdn@7e408aed24af91e1ad76f49a74ecfa0ef1d97cfb/spark/css/spark-style.css" rel="stylesheet" />
        <link href="https://stackpath.bootstrapcdn.com/font-awesome/4.7.0/css/font-awesome.min.css" rel="stylesheet">
<style type="text/css">

</style></head>    <script src="https://cdn.rawgit.com/extent-framework/extent-github-cdn/7cc78ce/spark/js/jsontree.js"></script>
<body class="spa -report standard">
    <div class="app header-dark side-nav-folded">
        <div class="layout">
<div class="header navbar">
    <div class="header-container">
        <div class="nav-logo">
          <a href="index.html">
            <div class="logo logo-dark" style="background-image: url('https://cdn.rawgit.com/extent-framework/extent-github-cdn/d74480e/commons/img/logo.png')"></div>
            <div class="logo logo-white" style="background-image: url('https://cdn.rawgit.com/extent-framework/extent-github-cdn/d74480e/commons/img/logo.png')"></div>
          </a>
        </div>
        <ul class="nav-left">
          <li>
            <a class="sidenav-fold-toggler" href="javascript:void(0);">
              <i class="fa fa-bars"></i>
            </a>
            <a class="sidenav-expand-toggler" href="javascript:void(0);">
              <i class="fa fa-bars"></i>
            </a>
          </li>
          <li class="search-box">
            <a class="search-toggle" href="javascript:void(0);">
              <i class="search-icon fa fa-search"></i>
              <i class="search-icon-close fa fa-close"></i>
            </a>
          </li>
          <li class="search-input">
            <input id="search-tests" class="form-control" type="text" placeholder="Type to search...">
          </li>
        </ul>
        <ul class="nav-right">
          <li class="m-r-10">
            <a href="#">
              <span class="badge badge-primary">Report name 2023-09-01T03_49_55_130818300</span>
            </a>
          </li>
            <li class="m-r-10">
                <a href="#">
                    <span class="badge badge-primary">Sep 1, 2023 03:49:55 AM</span>
                </a>
            </li>
        </ul>
    </div>
</div><div class="side-nav side-nav-folded">
  <div class="side-nav-inner">
    <ul class="side-nav-menu scrollable">
      <li class="nav-item dropdown" onclick="toggleView('test-view')">
        <a id="nav-test" class="dropdown-toggle" href="index.html">
          <span class="icon-holder">
            <i class="fa fa-align-left"></i>
          </span>
          <span class="title">Tests</span>
        </a>
      </li>
            <li class="nav-item dropdown" onclick="toggleView('exception-view')">
        <a id="nav-ex" class="dropdown-toggle" href="exception.html">
          <span class="icon-holder">
            <i class="fa fa-bug"></i>
          </span>
          <span class="title">Exception</span>
        </a>
      </li>
      <li class="nav-item dropdown" onclick="toggleView('dashboard-view')">
        <a id="nav-dashboard" class="dropdown-toggle" href="dashboard.html">
          <span class="icon-holder">
            <i class="fa fa-bar-chart"></i>
          </span>
          <span class="title">Dashboard</span>
        </a>
      </li>
    </ul>
  </div>
</div>            <div class="page-container">
                <div class="main-content">
<div class="test-wrapper row test-view">
	<div class="test-list">
		<div class="test-list-tools">
			<ul class="tools pull-left">
				<li>
					<a href="">
					<span class="font-size-14">Tests</span>
					</a>
				</li>
			</ul>
			<ul class="tools text-right">
				<li class="user-profile dropdown dropdown-animated scale-left">
					<a href="#" class="dropdown-toggle" data-toggle="dropdown">
					<i class="fa fa-exclamation-circle"></i>
					</a>
					<ul id="status-toggle" class="dropdown-menu dropdown-md p-v-0">
						<a class="dropdown-item" status="pass" href="#"><span>Pass</span><span class="status success pull-right"></span></a>
						<a class="dropdown-item" status="fail" href="#"><span>Fail</span><span class="status danger pull-right"></span></a>
						
						
						
						<a class="dropdown-item" status="skip" href="#"><span>Skip</span><span class="status warning pull-right"></span></a>
						<div class="dropdown-divider"></div>
						<a status="clear" class="dropdown-item" href="#"><span>Clear</span><span class="pull-right"><i class="fa fa-close"></i></span></a>
					</ul>
				</li>
			</ul>
		</div>
		<div class="test-list-wrapper scrollable">
			<ul class="test-list-item">
				<li class="test-item"  status="skip" test-id="1"
					author=""
					tag=""
					device="">
					<div class="status-avatar skip-bg">
						<i class="fa fa-long-arrow-right text-white"></i>
					</div>
					<div class="open-test">
						<div class="test-detail">
							<p class="name">id_LocatorTest</p>
							<p class="duration text-sm">0h 0m 12s+112ms</p>
							<span class="datetime">03:49:55 AM</span>
						</div>
					</div>
					<div class="test-contents d-none">
						<div class="detail-head">
							<div class="p-v-10 d-inline-block">
								<div class="info">
									<h5 class="test-status text-skip">id_LocatorTest</h5>
									<span class='badge badge-success'>09.01.2023 03:49:55</span>
									<span class='badge badge-danger'>09.01.2023 03:50:07</span>
									<span class='badge badge-default'>0h 0m 12s+112ms</span>
								</div>
								<div class="m-t-10 m-l-5">
									
								</div>
							</div>
						</div>
<div class="detail-body mt-4">                                              
<table class="table table-sm">
	<thead><tr>
		<th class="status-col">Status</th>
		<th class="timestamp-col">Timestamp</th>
		<th class="details-col">Details</th>
	</tr></thead>
	<tbody>
			<tr class="event-row">
				<td><i class="fa fa-long-arrow-right text-skip"></i></td>
				<td>3:50:07 AM</td>
				<td>
						skiped
				</td>
			</tr>
			<tr class="event-row">
				<td><i class="fa fa-long-arrow-right text-skip"></i></td>
				<td>3:50:07 AM</td>
				<td>
						<textarea disabled class="code-block">org.openqa.selenium.NoSuchElementException: no such element: Unable to locate element: {"method":"css selector","selector":"#gh\-logo0"}
  (Session info: chrome=116.0.5845.140)
For documentation on this error, please visit: https://www.selenium.dev/documentation/webdriver/troubleshooting/errors#no-such-element-exception
Build info: version: '4.11.0', revision: '040bc5406b'
System info: os.name: 'Windows 11', os.arch: 'amd64', os.version: '10.0', java.version: '17.0.7'
Driver info: org.openqa.selenium.chrome.ChromeDriver
Command: [a8df27b5ff764ea47ffe6988f33384f8, findElement {using=id, value=gh-logo0}]
Capabilities {acceptInsecureCerts: true, browserName: chrome, browserVersion: 116.0.5845.140, chrome: {chromedriverVersion: 116.0.5845.96 (1a3918166880..., userDataDir: C:\Users\naimn\AppData\Loca...}, fedcm:accounts: true, goog:chromeOptions: {debuggerAddress: localhost:50449}, networkConnectionEnabled: false, pageLoadStrategy: normal, platformName: windows, proxy: Proxy(), se:cdp: ws://localhost:50449/devtoo..., se:cdpVersion: 116.0.5845.140, setWindowRect: true, strictFileInteractability: false, timeouts: {implicit: 0, pageLoad: 300000, script: 30000}, unhandledPromptBehavior: dismiss and notify, webauthn:extension:credBlob: true, webauthn:extension:largeBlob: true, webauthn:extension:minPinLength: true, webauthn:extension:prf: true, webauthn:virtualAuthenticators: true}
Session ID: a8df27b5ff764ea47ffe6988f33384f8
	at java.base/jdk.internal.reflect.NativeConstructorAccessorImpl.newInstance0(Native Method)
	at java.base/jdk.internal.reflect.NativeConstructorAccessorImpl.newInstance(NativeConstructorAccessorImpl.java:77)
	at java.base/jdk.internal.reflect.DelegatingConstructorAccessorImpl.newInstance(DelegatingConstructorAccessorImpl.java:45)
	at java.base/java.lang.reflect.Constructor.newInstanceWithCaller(Constructor.java:499)
	at java.base/java.lang.reflect.Constructor.newInstance(Constructor.java:480)
	at org.openqa.selenium.remote.codec.w3c.W3CHttpResponseCodec.createException(W3CHttpResponseCodec.java:200)
	at org.openqa.selenium.remote.codec.w3c.W3CHttpResponseCodec.decode(W3CHttpResponseCodec.java:133)
	at org.openqa.selenium.remote.codec.w3c.W3CHttpResponseCodec.decode(W3CHttpResponseCodec.java:52)
	at org.openqa.selenium.remote.HttpCommandExecutor.execute(HttpCommandExecutor.java:191)
	at org.openqa.selenium.remote.service.DriverCommandExecutor.invokeExecute(DriverCommandExecutor.java:196)
	at org.openqa.selenium.remote.service.DriverCommandExecutor.execute(DriverCommandExecutor.java:171)
	at org.openqa.selenium.remote.RemoteWebDriver.execute(RemoteWebDriver.java:518)
	at org.openqa.selenium.remote.ElementLocation$ElementFinder$2.findElement(ElementLocation.java:165)
	at org.openqa.selenium.remote.ElementLocation.findElement(ElementLocation.java:66)
	at org.openqa.selenium.remote.RemoteWebDriver.findElement(RemoteWebDriver.java:355)
	at org.openqa.selenium.remote.RemoteWebDriver.findElement(RemoteWebDriver.java:349)
	at org.openqa.selenium.support.pagefactory.DefaultElementLocator.findElement(DefaultElementLocator.java:68)
	at org.openqa.selenium.support.pagefactory.internal.LocatingElementHandler.invoke(LocatingElementHandler.java:38)
	at jdk.proxy2/jdk.proxy2.$Proxy16.isDisplayed(Unknown Source)
	at seleniumWebDriverPracticeOnEbay.LocatorsTest.id_LocatorTest(LocatorsTest.java:31)
	at java.base/jdk.internal.reflect.NativeMethodAccessorImpl.invoke0(Native Method)
	at java.base/jdk.internal.reflect.NativeMethodAccessorImpl.invoke(NativeMethodAccessorImpl.java:77)
	at java.base/jdk.internal.reflect.DelegatingMethodAccessorImpl.invoke(DelegatingMethodAccessorImpl.java:43)
	at java.base/java.lang.reflect.Method.invoke(Method.java:568)
	at org.testng.internal.invokers.MethodInvocationHelper.invokeMethod(MethodInvocationHelper.java:139)
	at org.testng.internal.invokers.TestInvoker.invokeMethod(TestInvoker.java:664)
	at org.testng.internal.invokers.TestInvoker.invokeTestMethod(TestInvoker.java:227)
	at org.testng.internal.invokers.MethodRunner.runInSequence(MethodRunner.java:50)
	at org.testng.internal.invokers.TestInvoker$MethodInvocationAgent.invoke(TestInvoker.java:957)
	at org.testng.internal.invokers.TestInvoker.invokeTestMethods(TestInvoker.java:200)
	at org.testng.internal.invokers.TestMethodWorker.invokeTestMethods(TestMethodWorker.java:148)
	at org.testng.internal.invokers.TestMethodWorker.run(TestMethodWorker.java:128)
	at java.base/java.util.ArrayList.forEach(ArrayList.java:1511)
	at org.testng.TestRunner.privateRun(TestRunner.java:848)
	at org.testng.TestRunner.run(TestRunner.java:621)
	at org.testng.SuiteRunner.runTest(SuiteRunner.java:443)
	at org.testng.SuiteRunner$SuiteWorker.run(SuiteRunner.java:481)
	at org.testng.internal.thread.ThreadUtil.lambda$execute$0(ThreadUtil.java:58)
	at java.base/java.util.concurrent.FutureTask.run(FutureTask.java:264)
	at java.base/java.util.concurrent.ThreadPoolExecutor.runWorker(ThreadPoolExecutor.java:1136)
	at java.base/java.util.concurrent.ThreadPoolExecutor$Worker.run(ThreadPoolExecutor.java:635)
	at java.base/java.lang.Thread.run(Thread.java:833)
</textarea>
				</td>
			</tr>
	</tbody>
</table>
</div>
					</div>
				</li>
				<li class="test-item"  status="fail" test-id="2"
					author=""
					tag=""
					device="">
					<div class="status-avatar fail-bg">
						<i class="fa fa-times text-white"></i>
					</div>
					<div class="open-test">
						<div class="test-detail">
							<p class="name">id_LocatorTest</p>
							<p class="duration text-sm">0h 0m 9s+30ms</p>
							<span class="datetime">03:50:07 AM</span>
						</div>
					</div>
					<div class="test-contents d-none">
						<div class="detail-head">
							<div class="p-v-10 d-inline-block">
								<div class="info">
									<h5 class="test-status text-fail">id_LocatorTest</h5>
									<span class='badge badge-success'>09.01.2023 03:50:07</span>
									<span class='badge badge-danger'>09.01.2023 03:50:16</span>
									<span class='badge badge-default'>0h 0m 9s+30ms</span>
								</div>
								<div class="m-t-10 m-l-5">
									
								</div>
							</div>
						</div>
<div class="detail-body mt-4">                                              
<table class="table table-sm">
	<thead><tr>
		<th class="status-col">Status</th>
		<th class="timestamp-col">Timestamp</th>
		<th class="details-col">Details</th>
	</tr></thead>
	<tbody>
			<tr class="event-row">
				<td><i class="fa fa-times text-fail"></i></td>
				<td>3:50:16 AM</td>
				<td>
						<textarea disabled class="code-block">org.openqa.selenium.NoSuchElementException: no such element: Unable to locate element: {"method":"css selector","selector":"#gh\-logo0"}
  (Session info: chrome=116.0.5845.140)
For documentation on this error, please visit: https://www.selenium.dev/documentation/webdriver/troubleshooting/errors#no-such-element-exception
Build info: version: '4.11.0', revision: '040bc5406b'
System info: os.name: 'Windows 11', os.arch: 'amd64', os.version: '10.0', java.version: '17.0.7'
Driver info: org.openqa.selenium.chrome.ChromeDriver
Command: [97368b13b810378401893ad1e644ddca, findElement {using=id, value=gh-logo0}]
Capabilities {acceptInsecureCerts: true, browserName: chrome, browserVersion: 116.0.5845.140, chrome: {chromedriverVersion: 116.0.5845.96 (1a3918166880..., userDataDir: C:\Users\naimn\AppData\Loca...}, fedcm:accounts: true, goog:chromeOptions: {debuggerAddress: localhost:50578}, networkConnectionEnabled: false, pageLoadStrategy: normal, platformName: windows, proxy: Proxy(), se:cdp: ws://localhost:50578/devtoo..., se:cdpVersion: 116.0.5845.140, setWindowRect: true, strictFileInteractability: false, timeouts: {implicit: 0, pageLoad: 300000, script: 30000}, unhandledPromptBehavior: dismiss and notify, webauthn:extension:credBlob: true, webauthn:extension:largeBlob: true, webauthn:extension:minPinLength: true, webauthn:extension:prf: true, webauthn:virtualAuthenticators: true}
Session ID: 97368b13b810378401893ad1e644ddca
	at java.base/jdk.internal.reflect.NativeConstructorAccessorImpl.newInstance0(Native Method)
	at java.base/jdk.internal.reflect.NativeConstructorAccessorImpl.newInstance(NativeConstructorAccessorImpl.java:77)
	at java.base/jdk.internal.reflect.DelegatingConstructorAccessorImpl.newInstance(DelegatingConstructorAccessorImpl.java:45)
	at java.base/java.lang.reflect.Constructor.newInstanceWithCaller(Constructor.java:499)
	at java.base/java.lang.reflect.Constructor.newInstance(Constructor.java:480)
	at org.openqa.selenium.remote.codec.w3c.W3CHttpResponseCodec.createException(W3CHttpResponseCodec.java:200)
	at org.openqa.selenium.remote.codec.w3c.W3CHttpResponseCodec.decode(W3CHttpResponseCodec.java:133)
	at org.openqa.selenium.remote.codec.w3c.W3CHttpResponseCodec.decode(W3CHttpResponseCodec.java:52)
	at org.openqa.selenium.remote.HttpCommandExecutor.execute(HttpCommandExecutor.java:191)
	at org.openqa.selenium.remote.service.DriverCommandExecutor.invokeExecute(DriverCommandExecutor.java:196)
	at org.openqa.selenium.remote.service.DriverCommandExecutor.execute(DriverCommandExecutor.java:171)
	at org.openqa.selenium.remote.RemoteWebDriver.execute(RemoteWebDriver.java:518)
	at org.openqa.selenium.remote.ElementLocation$ElementFinder$2.findElement(ElementLocation.java:165)
	at org.openqa.selenium.remote.ElementLocation.findElement(ElementLocation.java:66)
	at org.openqa.selenium.remote.RemoteWebDriver.findElement(RemoteWebDriver.java:355)
	at org.openqa.selenium.remote.RemoteWebDriver.findElement(RemoteWebDriver.java:349)
	at org.openqa.selenium.support.pagefactory.DefaultElementLocator.findElement(DefaultElementLocator.java:68)
	at org.openqa.selenium.support.pagefactory.internal.LocatingElementHandler.invoke(LocatingElementHandler.java:38)
	at jdk.proxy2/jdk.proxy2.$Proxy16.isDisplayed(Unknown Source)
	at seleniumWebDriverPracticeOnEbay.LocatorsTest.id_LocatorTest(LocatorsTest.java:31)
	at java.base/jdk.internal.reflect.NativeMethodAccessorImpl.invoke0(Native Method)
	at java.base/jdk.internal.reflect.NativeMethodAccessorImpl.invoke(NativeMethodAccessorImpl.java:77)
	at java.base/jdk.internal.reflect.DelegatingMethodAccessorImpl.invoke(DelegatingMethodAccessorImpl.java:43)
	at java.base/java.lang.reflect.Method.invoke(Method.java:568)
	at org.testng.internal.invokers.MethodInvocationHelper.invokeMethod(MethodInvocationHelper.java:139)
	at org.testng.internal.invokers.TestInvoker.invokeMethod(TestInvoker.java:664)
	at org.testng.internal.invokers.TestInvoker.retryFailed(TestInvoker.java:248)
	at org.testng.internal.invokers.MethodRunner.runInSequence(MethodRunner.java:62)
	at org.testng.internal.invokers.TestInvoker$MethodInvocationAgent.invoke(TestInvoker.java:957)
	at org.testng.internal.invokers.TestInvoker.invokeTestMethods(TestInvoker.java:200)
	at org.testng.internal.invokers.TestMethodWorker.invokeTestMethods(TestMethodWorker.java:148)
	at org.testng.internal.invokers.TestMethodWorker.run(TestMethodWorker.java:128)
	at java.base/java.util.ArrayList.forEach(ArrayList.java:1511)
	at org.testng.TestRunner.privateRun(TestRunner.java:848)
	at org.testng.TestRunner.run(TestRunner.java:621)
	at org.testng.SuiteRunner.runTest(SuiteRunner.java:443)
	at org.testng.SuiteRunner$SuiteWorker.run(SuiteRunner.java:481)
	at org.testng.internal.thread.ThreadUtil.lambda$execute$0(ThreadUtil.java:58)
	at java.base/java.util.concurrent.FutureTask.run(FutureTask.java:264)
	at java.base/java.util.concurrent.ThreadPoolExecutor.runWorker(ThreadPoolExecutor.java:1136)
	at java.base/java.util.concurrent.ThreadPoolExecutor$Worker.run(ThreadPoolExecutor.java:635)
	at java.base/java.lang.Thread.run(Thread.java:833)
</textarea>
				</td>
			</tr>
	</tbody>
</table>
</div>
<div class="detail-foot">
	<ul class="attachments">
			<img class='r-img' onerror='this.style.display="none"' data-featherlight='C:\Users\naimn\DEV\IDE\eclipse\seleniumWebDriverPracticeOnEbay\reportsAndScreenshoots\id_LocatorTest2023-09-01T03_50_17_588211100.png' src='C:\Users\naimn\DEV\IDE\eclipse\seleniumWebDriverPracticeOnEbay\reportsAndScreenshoots\id_LocatorTest2023-09-01T03_50_17_588211100.png'>
	</ul>
</div>
					</div>
				</li>
				<li class="test-item"  status="pass" test-id="3"
					author=""
					tag=""
					device="">
					<div class="status-avatar pass-bg">
						<i class="fa fa-check text-white"></i>
					</div>
					<div class="open-test">
						<div class="test-detail">
							<p class="name">name_LocatorTest</p>
							<p class="duration text-sm">0h 0m 3s+897ms</p>
							<span class="datetime">03:50:17 AM</span>
						</div>
					</div>
					<div class="test-contents d-none">
						<div class="detail-head">
							<div class="p-v-10 d-inline-block">
								<div class="info">
									<h5 class="test-status text-pass">name_LocatorTest</h5>
									<span class='badge badge-success'>09.01.2023 03:50:17</span>
									<span class='badge badge-danger'>09.01.2023 03:50:21</span>
									<span class='badge badge-default'>0h 0m 3s+897ms</span>
								</div>
								<div class="m-t-10 m-l-5">
									
								</div>
							</div>
						</div>
<div class="detail-body mt-4">                                              
<table class="table table-sm">
	<thead><tr>
		<th class="status-col">Status</th>
		<th class="timestamp-col">Timestamp</th>
		<th class="details-col">Details</th>
	</tr></thead>
	<tbody>
			<tr class="event-row">
				<td><i class="fa fa-check text-pass"></i></td>
				<td>3:50:21 AM</td>
				<td>
						name_LocatorTest execution is passed
				</td>
			</tr>
	</tbody>
</table>
</div>
					</div>
				</li>
				<li class="test-item"  status="pass" test-id="4"
					author=""
					tag=""
					device="">
					<div class="status-avatar pass-bg">
						<i class="fa fa-check text-white"></i>
					</div>
					<div class="open-test">
						<div class="test-detail">
							<p class="name">tagName_LocatorTest</p>
							<p class="duration text-sm">0h 0m 3s+732ms</p>
							<span class="datetime">03:50:21 AM</span>
						</div>
					</div>
					<div class="test-contents d-none">
						<div class="detail-head">
							<div class="p-v-10 d-inline-block">
								<div class="info">
									<h5 class="test-status text-pass">tagName_LocatorTest</h5>
									<span class='badge badge-success'>09.01.2023 03:50:21</span>
									<span class='badge badge-danger'>09.01.2023 03:50:25</span>
									<span class='badge badge-default'>0h 0m 3s+732ms</span>
								</div>
								<div class="m-t-10 m-l-5">
									
								</div>
							</div>
						</div>
<div class="detail-body mt-4">                                              
<table class="table table-sm">
	<thead><tr>
		<th class="status-col">Status</th>
		<th class="timestamp-col">Timestamp</th>
		<th class="details-col">Details</th>
	</tr></thead>
	<tbody>
			<tr class="event-row">
				<td><i class="fa fa-check text-pass"></i></td>
				<td>3:50:25 AM</td>
				<td>
						tagName_LocatorTest execution is passed
				</td>
			</tr>
	</tbody>
</table>
</div>
					</div>
				</li>
				<li class="test-item"  status="pass" test-id="5"
					author=""
					tag=""
					device="">
					<div class="status-avatar pass-bg">
						<i class="fa fa-check text-white"></i>
					</div>
					<div class="open-test">
						<div class="test-detail">
							<p class="name">xpath_LocatorTest</p>
							<p class="duration text-sm">0h 0m 4s+256ms</p>
							<span class="datetime">03:50:25 AM</span>
						</div>
					</div>
					<div class="test-contents d-none">
						<div class="detail-head">
							<div class="p-v-10 d-inline-block">
								<div class="info">
									<h5 class="test-status text-pass">xpath_LocatorTest</h5>
									<span class='badge badge-success'>09.01.2023 03:50:25</span>
									<span class='badge badge-danger'>09.01.2023 03:50:30</span>
									<span class='badge badge-default'>0h 0m 4s+256ms</span>
								</div>
								<div class="m-t-10 m-l-5">
									
								</div>
							</div>
						</div>
<div class="detail-body mt-4">                                              
<table class="table table-sm">
	<thead><tr>
		<th class="status-col">Status</th>
		<th class="timestamp-col">Timestamp</th>
		<th class="details-col">Details</th>
	</tr></thead>
	<tbody>
			<tr class="event-row">
				<td><i class="fa fa-check text-pass"></i></td>
				<td>3:50:30 AM</td>
				<td>
						xpath_LocatorTest execution is passed
				</td>
			</tr>
	</tbody>
</table>
</div>
					</div>
				</li>
				<li class="test-item"  status="pass" test-id="6"
					author=""
					tag=""
					device="">
					<div class="status-avatar pass-bg">
						<i class="fa fa-check text-white"></i>
					</div>
					<div class="open-test">
						<div class="test-detail">
							<p class="name">cssSelector_LocatorTest</p>
							<p class="duration text-sm">0h 0m 3s+891ms</p>
							<span class="datetime">03:50:30 AM</span>
						</div>
					</div>
					<div class="test-contents d-none">
						<div class="detail-head">
							<div class="p-v-10 d-inline-block">
								<div class="info">
									<h5 class="test-status text-pass">cssSelector_LocatorTest</h5>
									<span class='badge badge-success'>09.01.2023 03:50:30</span>
									<span class='badge badge-danger'>09.01.2023 03:50:34</span>
									<span class='badge badge-default'>0h 0m 3s+891ms</span>
								</div>
								<div class="m-t-10 m-l-5">
									
								</div>
							</div>
						</div>
<div class="detail-body mt-4">                                              
<table class="table table-sm">
	<thead><tr>
		<th class="status-col">Status</th>
		<th class="timestamp-col">Timestamp</th>
		<th class="details-col">Details</th>
	</tr></thead>
	<tbody>
			<tr class="event-row">
				<td><i class="fa fa-check text-pass"></i></td>
				<td>3:50:34 AM</td>
				<td>
						cssSelector_LocatorTest execution is passed
				</td>
			</tr>
	</tbody>
</table>
</div>
					</div>
				</li>
				<li class="test-item"  status="pass" test-id="7"
					author=""
					tag=""
					device="">
					<div class="status-avatar pass-bg">
						<i class="fa fa-check text-white"></i>
					</div>
					<div class="open-test">
						<div class="test-detail">
							<p class="name">className_LocatorTest</p>
							<p class="duration text-sm">0h 0m 4s+169ms</p>
							<span class="datetime">03:50:34 AM</span>
						</div>
					</div>
					<div class="test-contents d-none">
						<div class="detail-head">
							<div class="p-v-10 d-inline-block">
								<div class="info">
									<h5 class="test-status text-pass">className_LocatorTest</h5>
									<span class='badge badge-success'>09.01.2023 03:50:34</span>
									<span class='badge badge-danger'>09.01.2023 03:50:38</span>
									<span class='badge badge-default'>0h 0m 4s+169ms</span>
								</div>
								<div class="m-t-10 m-l-5">
									
								</div>
							</div>
						</div>
<div class="detail-body mt-4">                                              
<table class="table table-sm">
	<thead><tr>
		<th class="status-col">Status</th>
		<th class="timestamp-col">Timestamp</th>
		<th class="details-col">Details</th>
	</tr></thead>
	<tbody>
			<tr class="event-row">
				<td><i class="fa fa-check text-pass"></i></td>
				<td>3:50:38 AM</td>
				<td>
						className_LocatorTest execution is passed
				</td>
			</tr>
	</tbody>
</table>
</div>
					</div>
				</li>
				<li class="test-item"  status="pass" test-id="8"
					author=""
					tag=""
					device="">
					<div class="status-avatar pass-bg">
						<i class="fa fa-check text-white"></i>
					</div>
					<div class="open-test">
						<div class="test-detail">
							<p class="name">linkText_LocatorTest</p>
							<p class="duration text-sm">0h 0m 5s+773ms</p>
							<span class="datetime">03:50:38 AM</span>
						</div>
					</div>
					<div class="test-contents d-none">
						<div class="detail-head">
							<div class="p-v-10 d-inline-block">
								<div class="info">
									<h5 class="test-status text-pass">linkText_LocatorTest</h5>
									<span class='badge badge-success'>09.01.2023 03:50:38</span>
									<span class='badge badge-danger'>09.01.2023 03:50:44</span>
									<span class='badge badge-default'>0h 0m 5s+773ms</span>
								</div>
								<div class="m-t-10 m-l-5">
									
								</div>
							</div>
						</div>
<div class="detail-body mt-4">                                              
<table class="table table-sm">
	<thead><tr>
		<th class="status-col">Status</th>
		<th class="timestamp-col">Timestamp</th>
		<th class="details-col">Details</th>
	</tr></thead>
	<tbody>
			<tr class="event-row">
				<td><i class="fa fa-check text-pass"></i></td>
				<td>3:50:44 AM</td>
				<td>
						linkText_LocatorTest execution is passed
				</td>
			</tr>
	</tbody>
</table>
</div>
					</div>
				</li>
				<li class="test-item"  status="pass" test-id="9"
					author=""
					tag=""
					device="">
					<div class="status-avatar pass-bg">
						<i class="fa fa-check text-white"></i>
					</div>
					<div class="open-test">
						<div class="test-detail">
							<p class="name">partialLinkText_LocatorTest</p>
							<p class="duration text-sm">0h 0m 6s+286ms</p>
							<span class="datetime">03:50:44 AM</span>
						</div>
					</div>
					<div class="test-contents d-none">
						<div class="detail-head">
							<div class="p-v-10 d-inline-block">
								<div class="info">
									<h5 class="test-status text-pass">partialLinkText_LocatorTest</h5>
									<span class='badge badge-success'>09.01.2023 03:50:44</span>
									<span class='badge badge-danger'>09.01.2023 03:50:50</span>
									<span class='badge badge-default'>0h 0m 6s+286ms</span>
								</div>
								<div class="m-t-10 m-l-5">
									
								</div>
							</div>
						</div>
<div class="detail-body mt-4">                                              
<table class="table table-sm">
	<thead><tr>
		<th class="status-col">Status</th>
		<th class="timestamp-col">Timestamp</th>
		<th class="details-col">Details</th>
	</tr></thead>
	<tbody>
			<tr class="event-row">
				<td><i class="fa fa-check text-pass"></i></td>
				<td>3:50:50 AM</td>
				<td>
						partialLinkText_LocatorTest execution is passed
				</td>
			</tr>
	</tbody>
</table>
</div>
					</div>
				</li>
				<li class="test-item"  status="skip" test-id="10"
					author=""
					tag=""
					device="">
					<div class="status-avatar skip-bg">
						<i class="fa fa-long-arrow-right text-white"></i>
					</div>
					<div class="open-test">
						<div class="test-detail">
							<p class="name">verifyAllFooterLinks</p>
							<p class="duration text-sm">0h 0m 29s+826ms</p>
							<span class="datetime">03:50:51 AM</span>
						</div>
					</div>
					<div class="test-contents d-none">
						<div class="detail-head">
							<div class="p-v-10 d-inline-block">
								<div class="info">
									<h5 class="test-status text-skip">verifyAllFooterLinks</h5>
									<span class='badge badge-success'>09.01.2023 03:50:51</span>
									<span class='badge badge-danger'>09.01.2023 03:51:20</span>
									<span class='badge badge-default'>0h 0m 29s+826ms</span>
								</div>
								<div class="m-t-10 m-l-5">
									
								</div>
							</div>
						</div>
<div class="detail-body mt-4">                                              
<table class="table table-sm">
	<thead><tr>
		<th class="status-col">Status</th>
		<th class="timestamp-col">Timestamp</th>
		<th class="details-col">Details</th>
	</tr></thead>
	<tbody>
			<tr class="event-row">
				<td><i class="fa fa-long-arrow-right text-skip"></i></td>
				<td>3:51:20 AM</td>
				<td>
						skiped
				</td>
			</tr>
			<tr class="event-row">
				<td><i class="fa fa-long-arrow-right text-skip"></i></td>
				<td>3:51:20 AM</td>
				<td>
						<textarea disabled class="code-block">java.lang.AssertionError: The following asserts failed:
	Twitter failed expected [true] but found [false]
	at org.testng.asserts.SoftAssert.assertAll(SoftAssert.java:46)
	at org.testng.asserts.SoftAssert.assertAll(SoftAssert.java:30)
	at seleniumWebDriverPracticeOnEbay.Reuseables.verifyLink(Reuseables.java:66)
	at seleniumWebDriverPracticeOnEbay.LocatorsTest.verifyAllFooterLinks(LocatorsTest.java:95)
	at java.base/jdk.internal.reflect.NativeMethodAccessorImpl.invoke0(Native Method)
	at java.base/jdk.internal.reflect.NativeMethodAccessorImpl.invoke(NativeMethodAccessorImpl.java:77)
	at java.base/jdk.internal.reflect.DelegatingMethodAccessorImpl.invoke(DelegatingMethodAccessorImpl.java:43)
	at java.base/java.lang.reflect.Method.invoke(Method.java:568)
	at org.testng.internal.invokers.MethodInvocationHelper.invokeMethod(MethodInvocationHelper.java:139)
	at org.testng.internal.invokers.TestInvoker.invokeMethod(TestInvoker.java:664)
	at org.testng.internal.invokers.TestInvoker.invokeTestMethod(TestInvoker.java:227)
	at org.testng.internal.invokers.MethodRunner.runInSequence(MethodRunner.java:50)
	at org.testng.internal.invokers.TestInvoker$MethodInvocationAgent.invoke(TestInvoker.java:957)
	at org.testng.internal.invokers.TestInvoker.invokeTestMethods(TestInvoker.java:200)
	at org.testng.internal.invokers.TestMethodWorker.invokeTestMethods(TestMethodWorker.java:148)
	at org.testng.internal.invokers.TestMethodWorker.run(TestMethodWorker.java:128)
	at java.base/java.util.ArrayList.forEach(ArrayList.java:1511)
	at org.testng.TestRunner.privateRun(TestRunner.java:848)
	at org.testng.TestRunner.run(TestRunner.java:621)
	at org.testng.SuiteRunner.runTest(SuiteRunner.java:443)
	at org.testng.SuiteRunner$SuiteWorker.run(SuiteRunner.java:481)
	at org.testng.internal.thread.ThreadUtil.lambda$execute$0(ThreadUtil.java:58)
	at java.base/java.util.concurrent.FutureTask.run(FutureTask.java:264)
	at java.base/java.util.concurrent.ThreadPoolExecutor.runWorker(ThreadPoolExecutor.java:1136)
	at java.base/java.util.concurrent.ThreadPoolExecutor$Worker.run(ThreadPoolExecutor.java:635)
	at java.base/java.lang.Thread.run(Thread.java:833)
</textarea>
				</td>
			</tr>
	</tbody>
</table>
</div>
					</div>
				</li>
				<li class="test-item"  status="fail" test-id="11"
					author=""
					tag=""
					device="">
					<div class="status-avatar fail-bg">
						<i class="fa fa-times text-white"></i>
					</div>
					<div class="open-test">
						<div class="test-detail">
							<p class="name">verifyAllFooterLinks</p>
							<p class="duration text-sm">0h 0m 28s+571ms</p>
							<span class="datetime">03:51:21 AM</span>
						</div>
					</div>
					<div class="test-contents d-none">
						<div class="detail-head">
							<div class="p-v-10 d-inline-block">
								<div class="info">
									<h5 class="test-status text-fail">verifyAllFooterLinks</h5>
									<span class='badge badge-success'>09.01.2023 03:51:21</span>
									<span class='badge badge-danger'>09.01.2023 03:51:49</span>
									<span class='badge badge-default'>0h 0m 28s+571ms</span>
								</div>
								<div class="m-t-10 m-l-5">
									
								</div>
							</div>
						</div>
<div class="detail-body mt-4">                                              
<table class="table table-sm">
	<thead><tr>
		<th class="status-col">Status</th>
		<th class="timestamp-col">Timestamp</th>
		<th class="details-col">Details</th>
	</tr></thead>
	<tbody>
			<tr class="event-row">
				<td><i class="fa fa-times text-fail"></i></td>
				<td>3:51:49 AM</td>
				<td>
						<textarea disabled class="code-block">java.lang.AssertionError: The following asserts failed:
	Twitter failed expected [true] but found [false]
	at org.testng.asserts.SoftAssert.assertAll(SoftAssert.java:46)
	at org.testng.asserts.SoftAssert.assertAll(SoftAssert.java:30)
	at seleniumWebDriverPracticeOnEbay.Reuseables.verifyLink(Reuseables.java:66)
	at seleniumWebDriverPracticeOnEbay.LocatorsTest.verifyAllFooterLinks(LocatorsTest.java:95)
	at java.base/jdk.internal.reflect.NativeMethodAccessorImpl.invoke0(Native Method)
	at java.base/jdk.internal.reflect.NativeMethodAccessorImpl.invoke(NativeMethodAccessorImpl.java:77)
	at java.base/jdk.internal.reflect.DelegatingMethodAccessorImpl.invoke(DelegatingMethodAccessorImpl.java:43)
	at java.base/java.lang.reflect.Method.invoke(Method.java:568)
	at org.testng.internal.invokers.MethodInvocationHelper.invokeMethod(MethodInvocationHelper.java:139)
	at org.testng.internal.invokers.TestInvoker.invokeMethod(TestInvoker.java:664)
	at org.testng.internal.invokers.TestInvoker.retryFailed(TestInvoker.java:248)
	at org.testng.internal.invokers.MethodRunner.runInSequence(MethodRunner.java:62)
	at org.testng.internal.invokers.TestInvoker$MethodInvocationAgent.invoke(TestInvoker.java:957)
	at org.testng.internal.invokers.TestInvoker.invokeTestMethods(TestInvoker.java:200)
	at org.testng.internal.invokers.TestMethodWorker.invokeTestMethods(TestMethodWorker.java:148)
	at org.testng.internal.invokers.TestMethodWorker.run(TestMethodWorker.java:128)
	at java.base/java.util.ArrayList.forEach(ArrayList.java:1511)
	at org.testng.TestRunner.privateRun(TestRunner.java:848)
	at org.testng.TestRunner.run(TestRunner.java:621)
	at org.testng.SuiteRunner.runTest(SuiteRunner.java:443)
	at org.testng.SuiteRunner$SuiteWorker.run(SuiteRunner.java:481)
	at org.testng.internal.thread.ThreadUtil.lambda$execute$0(ThreadUtil.java:58)
	at java.base/java.util.concurrent.FutureTask.run(FutureTask.java:264)
	at java.base/java.util.concurrent.ThreadPoolExecutor.runWorker(ThreadPoolExecutor.java:1136)
	at java.base/java.util.concurrent.ThreadPoolExecutor$Worker.run(ThreadPoolExecutor.java:635)
	at java.base/java.lang.Thread.run(Thread.java:833)
</textarea>
				</td>
			</tr>
	</tbody>
</table>
</div>
<div class="detail-foot">
	<ul class="attachments">
			<img class='r-img' onerror='this.style.display="none"' data-featherlight='C:\Users\naimn\DEV\IDE\eclipse\seleniumWebDriverPracticeOnEbay\reportsAndScreenshoots\verifyAllFooterLinks2023-09-01T03_51_50_262031600.png' src='C:\Users\naimn\DEV\IDE\eclipse\seleniumWebDriverPracticeOnEbay\reportsAndScreenshoots\verifyAllFooterLinks2023-09-01T03_51_50_262031600.png'>
	</ul>
</div>
					</div>
				</li>
			</ul>
		</div>
	</div>
	<div class="test-content scrollable">
		<div class="test-content-tools">
			<ul>
				<li>
					<a class="back-to-test" href="javascript:void(0)">
					<i class="fa fa-arrow-left"></i>
					</a>
				</li>
			</ul>
		</div>
		<div class="test-content-detail">
			<div class="detail-body"></div>
		</div>
	</div>
</div><div class="test-wrapper row exception-view attributes-view">
	<div class="test-list">
		<div class="test-list-tools">
			<ul class="tools pull-left">
				<li>
					<a href="">
					<span class="font-size-14">Exception</span>
					</a>
				</li>
			</ul>
			<ul class="tools text-right">
				<li>
					<a href="#">
					<span class="badge badge-primary">2</span>
					</a>
				</li>
			</ul>
		</div>
		<div class="test-list-wrapper scrollable">
			<ul class="test-list-item">
				<li class="test-item">
					<div class="open-test">
						<div class="test-detail">
							<p class="name">org.openqa.selenium.NoSuchElementException</p>
							<p class="duration text-sm">2 tests</p>
						</div>
					</div>
					<div class="test-contents d-none">
						<div class="info">
							<h4>org.openqa.selenium.NoSuchElementException</h4>
						</div>
						<table class='table table-sm mt-4'>
							<thead>
								<tr>
									<th class="status-col">Status</th>
									<th class="timestamp-col">Timestamp</th>
									<th>TestName</th>
								</tr>
							</thead>
							<tbody>
								<tr>
									<td>
										<div class='status-avatar skip-bg'>
											<i class="fa fa-long-arrow-right text-white"></i>
										</div>
									</td>
									<td>03:49:55 AM</td>
									<td class='linked' test-id='1'>
										id_LocatorTest
									</td>
								</tr>
								<tr>
									<td>
										<div class='status-avatar fail-bg'>
											<i class="fa fa-times text-white"></i>
										</div>
									</td>
									<td>03:50:07 AM</td>
									<td class='linked' test-id='2'>
										id_LocatorTest
									</td>
								</tr>
							</tbody>
						</table>
					</div>
				</li>
				<li class="test-item">
					<div class="open-test">
						<div class="test-detail">
							<p class="name">java.lang.AssertionError</p>
							<p class="duration text-sm">2 tests</p>
						</div>
					</div>
					<div class="test-contents d-none">
						<div class="info">
							<h4>java.lang.AssertionError</h4>
						</div>
						<table class='table table-sm mt-4'>
							<thead>
								<tr>
									<th class="status-col">Status</th>
									<th class="timestamp-col">Timestamp</th>
									<th>TestName</th>
								</tr>
							</thead>
							<tbody>
								<tr>
									<td>
										<div class='status-avatar skip-bg'>
											<i class="fa fa-long-arrow-right text-white"></i>
										</div>
									</td>
									<td>03:50:51 AM</td>
									<td class='linked' test-id='10'>
										verifyAllFooterLinks
									</td>
								</tr>
								<tr>
									<td>
										<div class='status-avatar fail-bg'>
											<i class="fa fa-times text-white"></i>
										</div>
									</td>
									<td>03:51:21 AM</td>
									<td class='linked' test-id='11'>
										verifyAllFooterLinks
									</td>
								</tr>
							</tbody>
						</table>
					</div>
				</li>
			</ul>
		</div>
	</div>
	<div class="test-content scrollable">
		<div class="test-content-tools">
			<ul>
				<li>
					<a class="back-to-test" href="javascript:void(0)">
					<i class="fa fa-arrow-left"></i>
					</a>
				</li>
			</ul>
		</div>
		<div class="test-content-detail">
			<div class="detail-body"></div>
		</div>
	</div>
</div>                    <!-- dashboard -->
<div class="container-fluid p-4 dashboard-view">
	<div class="row">
		<div class="col-md-6">
			<div class="card">
				<div class="card-header">
					<h6 class="card-title">Tests</h6>
				</div>
				<div class="card-body">
					<div class="">
						<canvas id='parent-analysis' width='115' height='90'></canvas>
					</div>
				</div>
				<div class="card-footer">
					<div><small data-tooltip='63.636%'>
						<b>7</b> tests passed
						</small>
					</div>
					<div>
						<small data-tooltip='18.182%'><b>2</b> tests failed, 
						<b>2</b> skipped, <b data-tooltip='0%'>0</b> others
						</small>
					</div>
				</div>
			</div>
		</div>
		<div class="col-md-6">
			<div class="card">
				<div class="card-header">
					<h6 class="card-title">Log events</h6>
				</div>
				<div class="card-body">
					<div class="">
						<canvas id='events-analysis' width='115' height='90'></canvas>
					</div>
				</div>
				<div class="card-footer">
					<div><small data-tooltip='53.846%'><b>7</b> events passed</small></div>
					<div>
						<small data-tooltip='15.385%'><b>2</b> events failed, 
						<b data-tooltip='30.769%'>4</b> others
						</small>
					</div>
				</div>
			</div>
		</div>
	</div>
	<div class="row">
		<div class="col-md-3">
			<div class="card">
				<div class="card-body box-height-150">
					<div class="media justify-content-between">
						<div class="card-header">
							<h6 class="card-title">Tests</h6>
							<h2 class="font-size-28 font-weight-light mt-3">11</h2>
							<span class="text-semibold text-success font-size-15">
							<i class="ti-arrow-up font-size-11"></i> 
							<span>63.64%</span>
							</span>
						</div>
						<div class="align-self-end">
							<i class="fa fa-align-left font-size-70 opacity-01"></i>
						</div>
					</div>
				</div>
			</div>
		</div>
		<div class="col-md-3">
			<div class="card">
				<div class="card-body box-height-150">
					<div class="media justify-content-between">
						<div class="card-header">
							<h6 class="card-title">Start</h6>
							<h4 class="font-weight-light mt-4">Sep 1, 2023 03:49:55 AM</h4>
							<span class="text-semibold text-success font-size-15">
						</div>
						<div class="align-self-end">
							<i class="fa fa-clock-o font-size-70 text-success opacity-01"></i>
						</div>
					</div>
				</div>
			</div>
		</div>
		<div class="col-md-3">
			<div class="card">
				<div class="card-body box-height-150">
					<div class="media justify-content-between">
						<div class="card-header">
							<h6 class="card-title">Duration</h6>
							<h4 class="font-weight-light mt-4">0h 1m 55s+332ms</h4>
							<span class="text-semibold font-size-15">
						</div>
						<div class="align-self-end">
							<i class="fa fa-clock-o font-size-70 opacity-01"></i>
						</div>
					</div>
				</div>
			</div>
		</div>
	</div>
	<div class="row">
		<div class="col-md-12">
			<div class="card">
				<div class="card-header">
					<h6 class="card-title">Timeline</h6>
				</div>
				<div class="card-body">
					<div class="">
						<canvas id="timeline" height="120"></canvas>
					</div>
				</div>
			</div>
		</div>
	</div>
	<div class="row">
		<div class="col-md-4">
			<div class="card">
				<div class="card-header">
					<h6 class="card-title">Environment</h6>
				</div>
				<div class="table-overflow">
					<table class="table table-sm">
						<thead>
							<tr class="bg-gray">
								<th>Name</th>
								<th>Value</th>
							</tr>
						</thead>
						<tbody>
							<tr>
								<td>Operating System </td>
								<td>Windows 11</td>
							</tr>
						</tbody>
					</table>
				</div>
			</div>
		</div>
	</div>
</div>
<script>
	var statusGroup = {
	    parentCount: 11,
		passParent: 7,
		failParent: 2,
		fatalParent: 0,
		errorParent: 0,
		warningParent: 0,
		skipParent: 2,
		exceptionsParent: 4,
		childCount: 0,
		passChild: 0,
		failChild: 0,
		fatalChild: 0,
		errorChild: 0,
		warningChild: 0,
		skipChild: 0,
		infoChild: 0,
		debugChild: 0,
		exceptionsChild: 0,
		grandChildCount: 0,
		passGrandChild: 0,
		failGrandChild: 0,
		fatalGrandChild: 0,
		errorGrandChild: 0,
		warningGrandChild: 0,
		skipGrandChild: 0,
		infoGrandChild: 0,
		debugGrandChild: 0,
		exceptionsGrandChild: 0,
		eventsCount: 13,
		passEvents: 7,
		failEvents: 2,
		fatalEvents: 0,
		errorEvents: 0,
		warningEvents: 0,
		skipEvents: 4,
		infoEvents: 0,
		debugEvents: 0,
		exceptionsEvents: 0
	};
</script>
<script>
	var timeline = {
	        "id_LocatorTest":12.112,"id_LocatorTest":9.03,"name_LocatorTest":3.897,"tagName_LocatorTest":3.732,"xpath_LocatorTest":4.256,"cssSelector_LocatorTest":3.891,"className_LocatorTest":4.169,"linkText_LocatorTest":5.773,"partialLinkText_LocatorTest":6.286,"verifyAllFooterLinks":29.826,"verifyAllFooterLinks":28.571
	};
</script>
                </div>
            </div>
        </div>
    </div>
    <script src="https://cdn.jsdelivr.net/gh/extent-framework/extent-github-cdn@ac7abbc71b4bb073da00153a5a3fdbcfe0c95e2a/spark/js/spark-script.js"></script>
<script type="text/javascript">


</script></body>
</html>